::1 - - [16/Sep/2023:14:04:05 +0000] "GET / HTTP/1.1" 200 41 "-" "PostmanRuntime/7.32.3"
::1 - - [16/Sep/2023:14:05:45 +0000] "GET / HTTP/1.1" 500 37 "-" "PostmanRuntime/7.32.3"
::1 - - [16/Sep/2023:14:09:03 +0000] "GET /user/2 HTTP/1.1" - - "-" "PostmanRuntime/7.32.3"
::1 - - [16/Sep/2023:14:18:45 +0000] "GET /user/4 HTTP/1.1" 200 102 "-" "PostmanRuntime/7.32.3"
::1 - - [16/Sep/2023:14:18:56 +0000] "GET /user/4 HTTP/1.1" 200 102 "-" "PostmanRuntime/7.32.3"
::1 - - [16/Sep/2023:14:18:58 +0000] "GET /user/4 HTTP/1.1" 200 102 "-" "PostmanRuntime/7.32.3"
::1 - - [16/Sep/2023:14:18:58 +0000] "GET /user/4 HTTP/1.1" 200 102 "-" "PostmanRuntime/7.32.3"
::1 - - [16/Sep/2023:14:18:59 +0000] "GET /user/4 HTTP/1.1" 200 102 "-" "PostmanRuntime/7.32.3"
::1 - - [16/Sep/2023:14:36:50 +0000] "POST /create HTTP/1.1" 200 41 "-" "PostmanRuntime/7.32.3"
::1 - - [16/Sep/2023:14:37:15 +0000] "GET /user/5 HTTP/1.1" 200 100 "-" "PostmanRuntime/7.32.3"
::1 - - [16/Sep/2023:14:37:21 +0000] "GET /user/6 HTTP/1.1" 200 109 "-" "PostmanRuntime/7.32.3"
::1 - - [16/Sep/2023:18:17:48 +0000] "PUT /user/6 HTTP/1.1" 500 37 "-" "PostmanRuntime/7.32.3"
::1 - - [16/Sep/2023:18:18:11 +0000] "PUT /user/6 HTTP/1.1" 500 37 "-" "PostmanRuntime/7.32.3"
::1 - - [16/Sep/2023:18:18:58 +0000] "PUT /user/6 HTTP/1.1" 500 37 "-" "PostmanRuntime/7.32.3"
::1 - - [16/Sep/2023:18:19:29 +0000] "PUT /user/6 HTTP/1.1" 200 41 "-" "PostmanRuntime/7.32.3"
::1 - - [16/Sep/2023:18:20:06 +0000] "DELETE /user/6 HTTP/1.1" 200 39 "-" "PostmanRuntime/7.32.3"
::1 - - [16/Sep/2023:18:20:17 +0000] "GET /user HTTP/1.1" 404 143 "-" "PostmanRuntime/7.32.3"
::1 - - [16/Sep/2023:18:20:28 +0000] "GET /users HTTP/1.1" 200 472 "-" "PostmanRuntime/7.32.3"
::1 - - [16/Sep/2023:19:34:36 +0000] "POST /login HTTP/1.1" 404 28 "-" "PostmanRuntime/7.32.3"
::1 - - [16/Sep/2023:19:37:54 +0000] "POST /login HTTP/1.1" 200 239 "-" "PostmanRuntime/7.32.3"
::1 - - [16/Sep/2023:19:43:40 +0000] "GET /users HTTP/1.1" 200 472 "-" "PostmanRuntime/7.32.3"
::1 - - [16/Sep/2023:19:44:03 +0000] "GET /users HTTP/1.1" 401 37 "-" "PostmanRuntime/7.32.3"
::1 - - [16/Sep/2023:19:45:01 +0000] "GET /login HTTP/1.1" 404 144 "-" "PostmanRuntime/7.32.3"
::1 - - [16/Sep/2023:19:45:06 +0000] "POST /login HTTP/1.1" 200 239 "-" "PostmanRuntime/7.32.3"
::1 - - [16/Sep/2023:19:45:38 +0000] "GET /users HTTP/1.1" 200 472 "-" "PostmanRuntime/7.32.3"
::1 - - [16/Sep/2023:19:45:42 +0000] "GET /users HTTP/1.1" 401 37 "-" "PostmanRuntime/7.32.3"
::1 - - [16/Sep/2023:19:45:46 +0000] "GET /users HTTP/1.1" 200 472 "-" "PostmanRuntime/7.32.3"
::1 - - [16/Sep/2023:19:49:19 +0000] "POST /login HTTP/1.1" 200 261 "-" "PostmanRuntime/7.32.3"
::1 - - [16/Sep/2023:19:49:29 +0000] "GET /users HTTP/1.1" 403 27 "-" "PostmanRuntime/7.32.3"
::1 - - [16/Sep/2023:19:49:44 +0000] "POST /login HTTP/1.1" 200 261 "-" "PostmanRuntime/7.32.3"
::1 - - [16/Sep/2023:19:50:00 +0000] "GET /users HTTP/1.1" 200 472 "-" "PostmanRuntime/7.32.3"
::1 - - [16/Sep/2023:19:50:02 +0000] "GET /users HTTP/1.1" 200 472 "-" "PostmanRuntime/7.32.3"
::1 - - [16/Sep/2023:19:50:03 +0000] "GET /users HTTP/1.1" 200 472 "-" "PostmanRuntime/7.32.3"
::1 - - [16/Sep/2023:19:50:03 +0000] "GET /users HTTP/1.1" 200 472 "-" "PostmanRuntime/7.32.3"
::1 - - [16/Sep/2023:19:50:04 +0000] "GET /users HTTP/1.1" 403 27 "-" "PostmanRuntime/7.32.3"
::1 - - [17/Sep/2023:09:19:56 +0000] "GET /users HTTP/1.1" 401 - "-" "PostmanRuntime/7.32.3"
::1 - - [17/Sep/2023:09:20:20 +0000] "GET /users HTTP/1.1" 401 - "-" "PostmanRuntime/7.32.3"
::1 - - [17/Sep/2023:09:22:24 +0000] "POST /login HTTP/1.1" 200 261 "-" "PostmanRuntime/7.32.3"
::1 - - [17/Sep/2023:09:28:30 +0000] "POST /login HTTP/1.1" 200 261 "-" "PostmanRuntime/7.32.3"
::1 - - [17/Sep/2023:09:28:45 +0000] "GET /users HTTP/1.1" 500 1026 "-" "PostmanRuntime/7.32.3"
::1 - - [17/Sep/2023:09:29:55 +0000] "POST /login HTTP/1.1" 200 261 "-" "PostmanRuntime/7.32.3"
::1 - - [17/Sep/2023:09:30:56 +0000] "POST /login HTTP/1.1" 200 261 "-" "PostmanRuntime/7.32.3"
::1 - - [17/Sep/2023:09:31:08 +0000] "GET /users HTTP/1.1" 200 472 "-" "PostmanRuntime/7.32.3"
::1 - - [17/Sep/2023:09:45:00 +0000] "POST /login HTTP/1.1" 200 261 "-" "PostmanRuntime/7.32.3"
::1 - - [17/Sep/2023:10:16:53 +0000] "POST /login HTTP/1.1" 200 261 "-" "PostmanRuntime/7.32.3"
::1 - - [17/Sep/2023:10:17:05 +0000] "GET /users HTTP/1.1" 200 472 "-" "PostmanRuntime/7.32.3"
::1 - - [17/Sep/2023:10:17:39 +0000] "GET /users HTTP/1.1" 200 472 "-" "PostmanRuntime/7.32.3"
::1 - - [17/Sep/2023:10:17:52 +0000] "GET /users HTTP/1.1" 200 472 "-" "PostmanRuntime/7.32.3"
::1 - - [17/Sep/2023:10:18:22 +0000] "POST /login HTTP/1.1" 200 261 "-" "PostmanRuntime/7.32.3"
::1 - - [17/Sep/2023:10:18:34 +0000] "GET /users HTTP/1.1" 403 27 "-" "PostmanRuntime/7.32.3"
